<?xml version="1.0" encoding="UTF-8"?>
<!-- Generated by org.testng.reporters.JUnitReportReporter -->
<testsuite hostname="LAPTOP-POCHI3TQ" failures="0" tests="23" name="com.orangehrm.tests.TimeTest" time="14.982" errors="0" timestamp="2024-02-07T18:25:41 IST" skipped="0">
  <testcase classname="com.orangehrm.tests.TimeTest" name="testUsername" time="0.738"/>
  <system-out/>
  <testcase classname="com.orangehrm.tests.TimeTest" name="testPassword" time="0.137"/>
  <system-out/>
  <testcase classname="com.orangehrm.tests.TimeTest" name="testLogin" time="0.088"/>
  <system-out/>
  <testcase classname="com.orangehrm.tests.TimeTest" name="testLoginPage" time="1.357"/>
  <system-out/>
  <testcase classname="com.orangehrm.tests.TimeTest" name="testTime" time="1.766"/>
  <system-out/>
  <testcase classname="com.orangehrm.tests.TimeTest" name="testTimePage" time="0.017"/>
  <system-out/>
  <testcase classname="com.orangehrm.tests.TimeTest" name="testTimesheet" time="0.518"/>
  <system-out/>
  <testcase classname="com.orangehrm.tests.TimeTest" name="testMyTimesheet" time="1.108"/>
  <system-out/>
  <testcase classname="com.orangehrm.tests.TimeTest" name="testMyTimeSheetPage" time="0.018"/>
  <system-out/>
  <testcase classname="com.orangehrm.tests.TimeTest" name="testEdit" time="2.252"/>
  <system-out/>
  <testcase classname="com.orangehrm.tests.TimeTest" name="testEditTimeSheetPage" time="0.017"/>
  <system-out/>
  <testcase classname="com.orangehrm.tests.TimeTest" name="testProjectName" time="1.308"/>
  <system-out/>
  <testcase classname="com.orangehrm.tests.TimeTest" name="testProjectNameValue" time="3.400"/>
  <system-out/>
  <testcase classname="com.orangehrm.tests.TimeTest" name="testActivity" time="0.212"/>
  <system-out/>
  <testcase classname="com.orangehrm.tests.TimeTest" name="testMonday" time="0.293"/>
  <system-out/>
  <testcase classname="com.orangehrm.tests.TimeTest" name="testTuesday" time="0.375"/>
  <system-out/>
  <testcase classname="com.orangehrm.tests.TimeTest" name="testWednesday" time="0.220"/>
  <system-out/>
  <testcase classname="com.orangehrm.tests.TimeTest" name="testThrusday" time="0.184"/>
  <system-out/>
  <testcase classname="com.orangehrm.tests.TimeTest" name="testFriday" time="0.202"/>
  <system-out/>
  <testcase classname="com.orangehrm.tests.TimeTest" name="testSaturday" time="0.234"/>
  <system-out/>
  <testcase classname="com.orangehrm.tests.TimeTest" name="testSunday" time="0.298"/>
  <system-out/>
  <testcase classname="com.orangehrm.tests.TimeTest" name="testSave" time="0.101"/>
  <system-out/>
  <testcase classname="com.orangehrm.tests.TimeTest" name="testSubmit" time="0.139"/>
  <system-out/>
</testsuite> <!-- com.orangehrm.tests.TimeTest -->
