<?xml version="1.0" encoding="UTF-8"?>
<!-- Generated by org.testng.reporters.JUnitReportReporter -->
<testsuite hostname="LAPTOP-POCHI3TQ" failures="0" tests="9" name="com.orangehrm.tests.SystemUsersTest" time="9.746" errors="0" timestamp="2024-01-29T20:12:08 IST" skipped="0">
  <testcase classname="com.orangehrm.tests.SystemUsersTest" name="testUsername" time="0.796"/>
  <system-out/>
  <testcase classname="com.orangehrm.tests.SystemUsersTest" name="testPassword" time="0.127"/>
  <system-out/>
  <testcase classname="com.orangehrm.tests.SystemUsersTest" name="testLogin" time="0.080"/>
  <system-out/>
  <testcase classname="com.orangehrm.tests.SystemUsersTest" name="testLoginPage" time="1.198"/>
  <system-out/>
  <testcase classname="com.orangehrm.tests.SystemUsersTest" name="testAdmin" time="5.582"/>
  <system-out/>
  <testcase classname="com.orangehrm.tests.SystemUsersTest" name="testSystemUsersPageNavigation" time="0.008"/>
  <system-out/>
  <testcase classname="com.orangehrm.tests.SystemUsersTest" name="testUsernameOnAdminPage" time="0.910"/>
  <system-out/>
  <testcase classname="com.orangehrm.tests.SystemUsersTest" name="testSearch" time="0.071"/>
  <system-out/>
  <testcase classname="com.orangehrm.tests.SystemUsersTest" name="testUsernameDisplayOnPage" time="0.974"/>
  <system-out/>
</testsuite> <!-- com.orangehrm.tests.SystemUsersTest -->
