<?xml version="1.0" encoding="UTF-8"?>
<!-- Generated by org.testng.reporters.JUnitReportReporter -->
<testsuite hostname="LAPTOP-POCHI3TQ" failures="0" tests="4" name="com.orangehrm.tests.LoginTest" time="2.020" errors="0" timestamp="2024-01-26T18:16:38 IST" skipped="0">
  <testcase classname="com.orangehrm.tests.LoginTest" name="testUsername" time="0.481"/>
  <system-out/>
  <testcase classname="com.orangehrm.tests.LoginTest" name="testPassword" time="0.138"/>
  <system-out/>
  <testcase classname="com.orangehrm.tests.LoginTest" name="testLogin" time="1.392"/>
  <system-out/>
  <testcase classname="com.orangehrm.tests.LoginTest" name="testLoginPage" time="0.009"/>
  <system-out/>
</testsuite> <!-- com.orangehrm.tests.LoginTest -->
