<?xml version="1.0" encoding="UTF-8"?>
<!-- Generated by org.testng.reporters.JUnitReportReporter -->
<testsuite hostname="LAPTOP-POCHI3TQ" failures="0" tests="15" name="com.orangehrm.tests.AddEmployeeTest" time="26.167" errors="0" timestamp="2024-01-30T18:26:18 IST" skipped="0">
  <testcase classname="com.orangehrm.tests.AddEmployeeTest" name="testUsername" time="0.863"/>
  <system-out/>
  <testcase classname="com.orangehrm.tests.AddEmployeeTest" name="testPassword" time="0.128"/>
  <system-out/>
  <testcase classname="com.orangehrm.tests.AddEmployeeTest" name="testLogin" time="0.078"/>
  <system-out/>
  <testcase classname="com.orangehrm.tests.AddEmployeeTest" name="testLoginPage" time="1.219"/>
  <system-out/>
  <testcase classname="com.orangehrm.tests.AddEmployeeTest" name="testPIM" time="1.733"/>
  <system-out/>
  <testcase classname="com.orangehrm.tests.AddEmployeeTest" name="testPIMPageNavigation" time="0.011"/>
  <system-out/>
  <testcase classname="com.orangehrm.tests.AddEmployeeTest" name="testAddEmployee" time="6.455"/>
  <system-out/>
  <testcase classname="com.orangehrm.tests.AddEmployeeTest" name="testAddEmployeePageNavigation" time="0.017"/>
  <system-out/>
  <testcase classname="com.orangehrm.tests.AddEmployeeTest" name="testFirstName" time="0.140"/>
  <system-out/>
  <testcase classname="com.orangehrm.tests.AddEmployeeTest" name="testMiddleName" time="0.094"/>
  <system-out/>
  <testcase classname="com.orangehrm.tests.AddEmployeeTest" name="testLastName" time="0.082"/>
  <system-out/>
  <testcase classname="com.orangehrm.tests.AddEmployeeTest" name="testEmployeeId" time="5.207"/>
  <system-out/>
  <testcase classname="com.orangehrm.tests.AddEmployeeTest" name="testSave" time="10.082"/>
  <system-out/>
  <testcase classname="com.orangehrm.tests.AddEmployeeTest" name="testEmployeePersonalDetailsPageNavigation" time="0.016"/>
  <system-out/>
  <testcase classname="com.orangehrm.tests.AddEmployeeTest" name="testEmployeeName" time="0.042"/>
  <system-out/>
</testsuite> <!-- com.orangehrm.tests.AddEmployeeTest -->
