<?xml version="1.0" encoding="UTF-8"?>
<!-- Generated by org.testng.reporters.JUnitReportReporter -->
<testsuite hostname="LAPTOP-POCHI3TQ" failures="0" tests="14" name="com.orangehrm.tests.MyInfoTest" time="11.773" errors="0" timestamp="2024-02-16T17:51:00 IST" skipped="0">
  <testcase classname="com.orangehrm.tests.MyInfoTest" name="testUsername" time="3.838"/>
  <system-out/>
  <testcase classname="com.orangehrm.tests.MyInfoTest" name="testPassword" time="0.173"/>
  <system-out/>
  <testcase classname="com.orangehrm.tests.MyInfoTest" name="testLogin" time="1.698"/>
  <system-out/>
  <testcase classname="com.orangehrm.tests.MyInfoTest" name="testLoginPage" time="0.028"/>
  <system-out/>
  <testcase classname="com.orangehrm.tests.MyInfoTest" name="testMyInfo" time="2.077"/>
  <system-out/>
  <testcase classname="com.orangehrm.tests.MyInfoTest" name="testMyInfoPage" time="0.012"/>
  <system-out/>
  <testcase classname="com.orangehrm.tests.MyInfoTest" name="testFirstName" time="0.975"/>
  <system-out/>
  <testcase classname="com.orangehrm.tests.MyInfoTest" name="testLastName" time="0.171"/>
  <system-out/>
  <testcase classname="com.orangehrm.tests.MyInfoTest" name="testDateOfBirth" time="0.160"/>
  <system-out/>
  <testcase classname="com.orangehrm.tests.MyInfoTest" name="testSave" time="1.288"/>
  <system-out/>
  <testcase classname="com.orangehrm.tests.MyInfoTest" name="testEmployeeFullName" time="0.058"/>
  <system-out/>
  <testcase classname="com.orangehrm.tests.MyInfoTest" name="testMenu" time="0.112"/>
  <system-out/>
  <testcase classname="com.orangehrm.tests.MyInfoTest" name="testLogOut" time="1.176"/>
  <system-out/>
  <testcase classname="com.orangehrm.tests.MyInfoTest" name="testHomePage" time="0.007"/>
  <system-out/>
</testsuite> <!-- com.orangehrm.tests.MyInfoTest -->
